Determining if files linux/input.h exist failed with the following output:
Change Dir: /Users/mariana/Desktop/allegro/build/CMakeFiles/CMakeTmp

Run Build Command(s):/usr/bin/make cmTC_7ef32/fast && /Applications/Xcode.app/Contents/Developer/usr/bin/make  -f CMakeFiles/cmTC_7ef32.dir/build.make CMakeFiles/cmTC_7ef32.dir/build
Building C object CMakeFiles/cmTC_7ef32.dir/ALLEGRO_HAVE_LINUX_INPUT_H.c.o
/Applications/Xcode.app/Contents/Developer/Toolchains/XcodeDefault.xctoolchain/usr/bin/cc   -fno-common -msse -W -Wall -Wpointer-arith -Wmissing-declarations -Wstrict-prototypes    -o CMakeFiles/cmTC_7ef32.dir/ALLEGRO_HAVE_LINUX_INPUT_H.c.o   -c /Users/mariana/Desktop/allegro/build/CMakeFiles/CheckIncludeFiles/ALLEGRO_HAVE_LINUX_INPUT_H.c
/Users/mariana/Desktop/allegro/build/CMakeFiles/CheckIncludeFiles/ALLEGRO_HAVE_LINUX_INPUT_H.c:2:10: fatal error: 'linux/input.h' file not found
#include <linux/input.h>
         ^~~~~~~~~~~~~~~
1 error generated.
make[1]: *** [CMakeFiles/cmTC_7ef32.dir/ALLEGRO_HAVE_LINUX_INPUT_H.c.o] Error 1
make: *** [cmTC_7ef32/fast] Error 2


Source:
/* */
#include <linux/input.h>


int main(void){return 0;}

Determining if files sys/io.h exist failed with the following output:
Change Dir: /Users/mariana/Desktop/allegro/build/CMakeFiles/CMakeTmp

Run Build Command(s):/usr/bin/make cmTC_8770c/fast && /Applications/Xcode.app/Contents/Developer/usr/bin/make  -f CMakeFiles/cmTC_8770c.dir/build.make CMakeFiles/cmTC_8770c.dir/build
Building C object CMakeFiles/cmTC_8770c.dir/ALLEGRO_HAVE_SYS_IO_H.c.o
/Applications/Xcode.app/Contents/Developer/Toolchains/XcodeDefault.xctoolchain/usr/bin/cc   -fno-common -msse -W -Wall -Wpointer-arith -Wmissing-declarations -Wstrict-prototypes    -o CMakeFiles/cmTC_8770c.dir/ALLEGRO_HAVE_SYS_IO_H.c.o   -c /Users/mariana/Desktop/allegro/build/CMakeFiles/CheckIncludeFiles/ALLEGRO_HAVE_SYS_IO_H.c
/Users/mariana/Desktop/allegro/build/CMakeFiles/CheckIncludeFiles/ALLEGRO_HAVE_SYS_IO_H.c:2:10: fatal error: 'sys/io.h' file not found
#include <sys/io.h>
         ^~~~~~~~~~
1 error generated.
make[1]: *** [CMakeFiles/cmTC_8770c.dir/ALLEGRO_HAVE_SYS_IO_H.c.o] Error 1
make: *** [cmTC_8770c/fast] Error 2


Source:
/* */
#include <sys/io.h>


int main(void){return 0;}

Determining if files soundcard.h exist failed with the following output:
Change Dir: /Users/mariana/Desktop/allegro/build/CMakeFiles/CMakeTmp

Run Build Command(s):/usr/bin/make cmTC_628b9/fast && /Applications/Xcode.app/Contents/Developer/usr/bin/make  -f CMakeFiles/cmTC_628b9.dir/build.make CMakeFiles/cmTC_628b9.dir/build
Building C object CMakeFiles/cmTC_628b9.dir/ALLEGRO_HAVE_SOUNDCARD_H.c.o
/Applications/Xcode.app/Contents/Developer/Toolchains/XcodeDefault.xctoolchain/usr/bin/cc   -fno-common -msse -W -Wall -Wpointer-arith -Wmissing-declarations -Wstrict-prototypes    -o CMakeFiles/cmTC_628b9.dir/ALLEGRO_HAVE_SOUNDCARD_H.c.o   -c /Users/mariana/Desktop/allegro/build/CMakeFiles/CheckIncludeFiles/ALLEGRO_HAVE_SOUNDCARD_H.c
/Users/mariana/Desktop/allegro/build/CMakeFiles/CheckIncludeFiles/ALLEGRO_HAVE_SOUNDCARD_H.c:2:10: fatal error: 'soundcard.h' file not found
#include <soundcard.h>
         ^~~~~~~~~~~~~
1 error generated.
make[1]: *** [CMakeFiles/cmTC_628b9.dir/ALLEGRO_HAVE_SOUNDCARD_H.c.o] Error 1
make: *** [cmTC_628b9/fast] Error 2


Source:
/* */
#include <soundcard.h>


int main(void){return 0;}

Determining if files sys/soundcard.h exist failed with the following output:
Change Dir: /Users/mariana/Desktop/allegro/build/CMakeFiles/CMakeTmp

Run Build Command(s):/usr/bin/make cmTC_f2854/fast && /Applications/Xcode.app/Contents/Developer/usr/bin/make  -f CMakeFiles/cmTC_f2854.dir/build.make CMakeFiles/cmTC_f2854.dir/build
Building C object CMakeFiles/cmTC_f2854.dir/ALLEGRO_HAVE_SYS_SOUNDCARD_H.c.o
/Applications/Xcode.app/Contents/Developer/Toolchains/XcodeDefault.xctoolchain/usr/bin/cc   -fno-common -msse -W -Wall -Wpointer-arith -Wmissing-declarations -Wstrict-prototypes    -o CMakeFiles/cmTC_f2854.dir/ALLEGRO_HAVE_SYS_SOUNDCARD_H.c.o   -c /Users/mariana/Desktop/allegro/build/CMakeFiles/CheckIncludeFiles/ALLEGRO_HAVE_SYS_SOUNDCARD_H.c
/Users/mariana/Desktop/allegro/build/CMakeFiles/CheckIncludeFiles/ALLEGRO_HAVE_SYS_SOUNDCARD_H.c:2:10: fatal error: 'sys/soundcard.h' file not found
#include <sys/soundcard.h>
         ^~~~~~~~~~~~~~~~~
1 error generated.
make[1]: *** [CMakeFiles/cmTC_f2854.dir/ALLEGRO_HAVE_SYS_SOUNDCARD_H.c.o] Error 1
make: *** [cmTC_f2854/fast] Error 2


Source:
/* */
#include <sys/soundcard.h>


int main(void){return 0;}

Determining if files machine/soundcard.h exist failed with the following output:
Change Dir: /Users/mariana/Desktop/allegro/build/CMakeFiles/CMakeTmp

Run Build Command(s):/usr/bin/make cmTC_9f5b7/fast && /Applications/Xcode.app/Contents/Developer/usr/bin/make  -f CMakeFiles/cmTC_9f5b7.dir/build.make CMakeFiles/cmTC_9f5b7.dir/build
Building C object CMakeFiles/cmTC_9f5b7.dir/ALLEGRO_HAVE_MACHINE_SOUNDCARD_H.c.o
/Applications/Xcode.app/Contents/Developer/Toolchains/XcodeDefault.xctoolchain/usr/bin/cc   -fno-common -msse -W -Wall -Wpointer-arith -Wmissing-declarations -Wstrict-prototypes    -o CMakeFiles/cmTC_9f5b7.dir/ALLEGRO_HAVE_MACHINE_SOUNDCARD_H.c.o   -c /Users/mariana/Desktop/allegro/build/CMakeFiles/CheckIncludeFiles/ALLEGRO_HAVE_MACHINE_SOUNDCARD_H.c
/Users/mariana/Desktop/allegro/build/CMakeFiles/CheckIncludeFiles/ALLEGRO_HAVE_MACHINE_SOUNDCARD_H.c:2:10: fatal error: 'machine/soundcard.h' file not found
#include <machine/soundcard.h>
         ^~~~~~~~~~~~~~~~~~~~~
1 error generated.
make[1]: *** [CMakeFiles/cmTC_9f5b7.dir/ALLEGRO_HAVE_MACHINE_SOUNDCARD_H.c.o] Error 1
make: *** [cmTC_9f5b7/fast] Error 2


Source:
/* */
#include <machine/soundcard.h>


int main(void){return 0;}

Determining if files linux/soundcard.h exist failed with the following output:
Change Dir: /Users/mariana/Desktop/allegro/build/CMakeFiles/CMakeTmp

Run Build Command(s):/usr/bin/make cmTC_a3fea/fast && /Applications/Xcode.app/Contents/Developer/usr/bin/make  -f CMakeFiles/cmTC_a3fea.dir/build.make CMakeFiles/cmTC_a3fea.dir/build
Building C object CMakeFiles/cmTC_a3fea.dir/ALLEGRO_HAVE_LINUX_SOUNDCARD_H.c.o
/Applications/Xcode.app/Contents/Developer/Toolchains/XcodeDefault.xctoolchain/usr/bin/cc   -fno-common -msse -W -Wall -Wpointer-arith -Wmissing-declarations -Wstrict-prototypes    -o CMakeFiles/cmTC_a3fea.dir/ALLEGRO_HAVE_LINUX_SOUNDCARD_H.c.o   -c /Users/mariana/Desktop/allegro/build/CMakeFiles/CheckIncludeFiles/ALLEGRO_HAVE_LINUX_SOUNDCARD_H.c
/Users/mariana/Desktop/allegro/build/CMakeFiles/CheckIncludeFiles/ALLEGRO_HAVE_LINUX_SOUNDCARD_H.c:2:10: fatal error: 'linux/soundcard.h' file not found
#include <linux/soundcard.h>
         ^~~~~~~~~~~~~~~~~~~
1 error generated.
make[1]: *** [CMakeFiles/cmTC_a3fea.dir/ALLEGRO_HAVE_LINUX_SOUNDCARD_H.c.o] Error 1
make: *** [cmTC_a3fea/fast] Error 2


Source:
/* */
#include <linux/soundcard.h>


int main(void){return 0;}

Determining if files sys/inotify.h exist failed with the following output:
Change Dir: /Users/mariana/Desktop/allegro/build/CMakeFiles/CMakeTmp

Run Build Command(s):/usr/bin/make cmTC_3143b/fast && /Applications/Xcode.app/Contents/Developer/usr/bin/make  -f CMakeFiles/cmTC_3143b.dir/build.make CMakeFiles/cmTC_3143b.dir/build
Building C object CMakeFiles/cmTC_3143b.dir/ALLEGRO_HAVE_SYS_INOTIFY_H.c.o
/Applications/Xcode.app/Contents/Developer/Toolchains/XcodeDefault.xctoolchain/usr/bin/cc   -fno-common -msse -W -Wall -Wpointer-arith -Wmissing-declarations -Wstrict-prototypes    -o CMakeFiles/cmTC_3143b.dir/ALLEGRO_HAVE_SYS_INOTIFY_H.c.o   -c /Users/mariana/Desktop/allegro/build/CMakeFiles/CheckIncludeFiles/ALLEGRO_HAVE_SYS_INOTIFY_H.c
/Users/mariana/Desktop/allegro/build/CMakeFiles/CheckIncludeFiles/ALLEGRO_HAVE_SYS_INOTIFY_H.c:2:10: fatal error: 'sys/inotify.h' file not found
#include <sys/inotify.h>
         ^~~~~~~~~~~~~~~
1 error generated.
make[1]: *** [CMakeFiles/cmTC_3143b.dir/ALLEGRO_HAVE_SYS_INOTIFY_H.c.o] Error 1
make: *** [cmTC_3143b/fast] Error 2


Source:
/* */
#include <sys/inotify.h>


int main(void){return 0;}

Determining if files sal.h exist failed with the following output:
Change Dir: /Users/mariana/Desktop/allegro/build/CMakeFiles/CMakeTmp

Run Build Command(s):/usr/bin/make cmTC_2a6e8/fast && /Applications/Xcode.app/Contents/Developer/usr/bin/make  -f CMakeFiles/cmTC_2a6e8.dir/build.make CMakeFiles/cmTC_2a6e8.dir/build
Building C object CMakeFiles/cmTC_2a6e8.dir/ALLEGRO_HAVE_SAL_H.c.o
/Applications/Xcode.app/Contents/Developer/Toolchains/XcodeDefault.xctoolchain/usr/bin/cc   -fno-common -msse -W -Wall -Wpointer-arith -Wmissing-declarations -Wstrict-prototypes    -o CMakeFiles/cmTC_2a6e8.dir/ALLEGRO_HAVE_SAL_H.c.o   -c /Users/mariana/Desktop/allegro/build/CMakeFiles/CheckIncludeFiles/ALLEGRO_HAVE_SAL_H.c
/Users/mariana/Desktop/allegro/build/CMakeFiles/CheckIncludeFiles/ALLEGRO_HAVE_SAL_H.c:2:10: fatal error: 'sal.h' file not found
#include <sal.h>
         ^~~~~~~
1 error generated.
make[1]: *** [CMakeFiles/cmTC_2a6e8.dir/ALLEGRO_HAVE_SAL_H.c.o] Error 1
make: *** [cmTC_2a6e8/fast] Error 2


Source:
/* */
#include <sal.h>


int main(void){return 0;}

Determining if the function getexecname exists failed with the following output:
Change Dir: /Users/mariana/Desktop/allegro/build/CMakeFiles/CMakeTmp

Run Build Command(s):/usr/bin/make cmTC_4b488/fast && /Applications/Xcode.app/Contents/Developer/usr/bin/make  -f CMakeFiles/cmTC_4b488.dir/build.make CMakeFiles/cmTC_4b488.dir/build
Building C object CMakeFiles/cmTC_4b488.dir/CheckFunctionExists.c.o
/Applications/Xcode.app/Contents/Developer/Toolchains/XcodeDefault.xctoolchain/usr/bin/cc   -fno-common -msse -W -Wall -Wpointer-arith -Wmissing-declarations -Wstrict-prototypes -DCHECK_FUNCTION_EXISTS=getexecname   -o CMakeFiles/cmTC_4b488.dir/CheckFunctionExists.c.o   -c /usr/local/Cellar/cmake/3.17.2/share/cmake/Modules/CheckFunctionExists.c
Linking C executable cmTC_4b488
/usr/local/Cellar/cmake/3.17.2/bin/cmake -E cmake_link_script CMakeFiles/cmTC_4b488.dir/link.txt --verbose=1
/Applications/Xcode.app/Contents/Developer/Toolchains/XcodeDefault.xctoolchain/usr/bin/cc  -fno-common -msse -W -Wall -Wpointer-arith -Wmissing-declarations -Wstrict-prototypes -DCHECK_FUNCTION_EXISTS=getexecname -Wl,-search_paths_first -Wl,-headerpad_max_install_names   CMakeFiles/cmTC_4b488.dir/CheckFunctionExists.c.o  -o cmTC_4b488 
Undefined symbols for architecture x86_64:
  "_getexecname", referenced from:
      _main in CheckFunctionExists.c.o
ld: symbol(s) not found for architecture x86_64
clang: error: linker command failed with exit code 1 (use -v to see invocation)
make[1]: *** [cmTC_4b488] Error 1
make: *** [cmTC_4b488/fast] Error 2



Determining if the function strerror_s exists failed with the following output:
Change Dir: /Users/mariana/Desktop/allegro/build/CMakeFiles/CMakeTmp

Run Build Command(s):/usr/bin/make cmTC_1b48d/fast && /Applications/Xcode.app/Contents/Developer/usr/bin/make  -f CMakeFiles/cmTC_1b48d.dir/build.make CMakeFiles/cmTC_1b48d.dir/build
Building C object CMakeFiles/cmTC_1b48d.dir/CheckFunctionExists.c.o
/Applications/Xcode.app/Contents/Developer/Toolchains/XcodeDefault.xctoolchain/usr/bin/cc   -fno-common -msse -W -Wall -Wpointer-arith -Wmissing-declarations -Wstrict-prototypes -DCHECK_FUNCTION_EXISTS=strerror_s   -o CMakeFiles/cmTC_1b48d.dir/CheckFunctionExists.c.o   -c /usr/local/Cellar/cmake/3.17.2/share/cmake/Modules/CheckFunctionExists.c
Linking C executable cmTC_1b48d
/usr/local/Cellar/cmake/3.17.2/bin/cmake -E cmake_link_script CMakeFiles/cmTC_1b48d.dir/link.txt --verbose=1
/Applications/Xcode.app/Contents/Developer/Toolchains/XcodeDefault.xctoolchain/usr/bin/cc  -fno-common -msse -W -Wall -Wpointer-arith -Wmissing-declarations -Wstrict-prototypes -DCHECK_FUNCTION_EXISTS=strerror_s -Wl,-search_paths_first -Wl,-headerpad_max_install_names   CMakeFiles/cmTC_1b48d.dir/CheckFunctionExists.c.o  -o cmTC_1b48d 
Undefined symbols for architecture x86_64:
  "_strerror_s", referenced from:
      _main in CheckFunctionExists.c.o
ld: symbol(s) not found for architecture x86_64
clang: error: linker command failed with exit code 1 (use -v to see invocation)
make[1]: *** [cmTC_1b48d] Error 1
make: *** [cmTC_1b48d/fast] Error 2



Performing C SOURCE FILE Test ALLEGRO_HAVE_PROCFS_ARGCV failed with the following output:
Change Dir: /Users/mariana/Desktop/allegro/build/CMakeFiles/CMakeTmp

Run Build Command(s):/usr/bin/make cmTC_a56a1/fast && /Applications/Xcode.app/Contents/Developer/usr/bin/make  -f CMakeFiles/cmTC_a56a1.dir/build.make CMakeFiles/cmTC_a56a1.dir/build
Building C object CMakeFiles/cmTC_a56a1.dir/src.c.o
/Applications/Xcode.app/Contents/Developer/Toolchains/XcodeDefault.xctoolchain/usr/bin/cc   -fno-common -msse -W -Wall -Wpointer-arith -Wmissing-declarations -Wstrict-prototypes -DALLEGRO_HAVE_PROCFS_ARGCV   -o CMakeFiles/cmTC_a56a1.dir/src.c.o   -c /Users/mariana/Desktop/allegro/build/CMakeFiles/CMakeTmp/src.c
/Users/mariana/Desktop/allegro/build/CMakeFiles/CMakeTmp/src.c:2:14: fatal error: 'sys/procfs.h' file not found
    #include <sys/procfs.h>
             ^~~~~~~~~~~~~~
1 error generated.
make[1]: *** [CMakeFiles/cmTC_a56a1.dir/src.c.o] Error 1
make: *** [cmTC_a56a1/fast] Error 2


Source file was:

    #include <sys/procfs.h>
    int main(void) {
        struct prpsinfo psinfo;
        psinfo.pr_argc = 0;
        return 0;
    }
Performing C SOURCE FILE Test ALLEGRO_HAVE_SV_PROCFS_H failed with the following output:
Change Dir: /Users/mariana/Desktop/allegro/build/CMakeFiles/CMakeTmp

Run Build Command(s):/usr/bin/make cmTC_e56cc/fast && /Applications/Xcode.app/Contents/Developer/usr/bin/make  -f CMakeFiles/cmTC_e56cc.dir/build.make CMakeFiles/cmTC_e56cc.dir/build
Building C object CMakeFiles/cmTC_e56cc.dir/src.c.o
/Applications/Xcode.app/Contents/Developer/Toolchains/XcodeDefault.xctoolchain/usr/bin/cc   -fno-common -msse -W -Wall -Wpointer-arith -Wmissing-declarations -Wstrict-prototypes -DALLEGRO_HAVE_SV_PROCFS_H   -o CMakeFiles/cmTC_e56cc.dir/src.c.o   -c /Users/mariana/Desktop/allegro/build/CMakeFiles/CMakeTmp/src.c
/Users/mariana/Desktop/allegro/build/CMakeFiles/CMakeTmp/src.c:2:14: fatal error: 'sys/procfs.h' file not found
    #include <sys/procfs.h>
             ^~~~~~~~~~~~~~
1 error generated.
make[1]: *** [CMakeFiles/cmTC_e56cc.dir/src.c.o] Error 1
make: *** [cmTC_e56cc/fast] Error 2


Source file was:

    #include <sys/procfs.h>
    #include <sys/ioctl.h>
    int main(void) {
        struct prpsinfo psinfo;
        ioctl(0, PIOCPSINFO, &psinfo);
        return 0;
    }
